5.5638
18.5614
10.3995
65.2209
29.9748
62.8225
53.8974
15.5172
14.8604
0.5482
67.1662
31.4091
35.4388
3.9046
54.4167
55.7545
24.2639
-.-
16.8827
-.-
50.2241
82.9193
-.-
92.5714
12.3051
13.7424
64.7669
-.-
-.-
-.-
-.-
27.9458
21.2594
6.6024
2.8946
23.3860
41.9563
53.7583
12.1486
1.2414
26.7953
23.3284
50.0990
27.0559
3.4016
23.4161
-.-
54.4209
51.8342
12.0854
12.0787
12.9289
50.7787
-.-
17.9969
2.6443
36.4020
4.3684
7.5727
37.3571
8.6154
-.-
13.6842
31.7992
34.8759
8.2346
46.2316
14.1740
28.1314
31.5915
20.5930
25.5249
79.7165
52.5068
46.8065
36.5516
82.3056
10.3793
17.7856
63.3702
58.9926
21.8283
62.5641
37.2096
0.7007
77.7945
40.8750
44.0467
40.7342
69.5472
4.7554
-.-
50.8676
2.0890
24.7955
14.7362
-.-
25.9062
67.8992
27.5292
-.-
-.-
7.5124
11.1635
26.2068
6.5698
11.0000
22.9504
47.4175
20.9043
35.5878
1.1016
34.5115
6.1580
22.5547
17.4778
34.2783
20.2368
38.0926
11.7197
73.6187
:D
26.2599
31.4824
-.-
3.0170
48.3710
20.6610
19.3915
5.0000
43.7273
23.9254
58.1125
12.6020
3.9653
71.4250
66.9792
37.7238
1.1208
80.6667
82.6036
5.1818
7.4885
28.3787
27.6899
5.3802
71.2667
15.6520
29.9912
91.0649
4.8545
62.7920
-.-
40.4838
83.2727
5.7834
13.4677
43.6980
9.4430
47.7647
37.2607
46.0946
19.1613
3.5302
53.1969
2.4947
19.8205
2.7635
60.8431
62.0714
27.4167
-.-
63.0747
19.9699
4.3192
3.1016
27.7490
17.7075
61.6667
37.6850
67.0972
46.0925
33.8846
2.3393
55.6869
46.4172
12.8908
63.3636
-.-
8.4762
-.-
13.2269
46.2741
85.6781
29.6224
52.7054
9.2381
25.5620
2.3412
57.5581
-.-
0.8431
-.-
19.7412
14.5548
38.8151
71.4762
85.0673
91.3571
10.8965
66.4062
73.3562
43.0952
34.7942
24.8304
10.2787
10.4666
33.4340
1.8686
78.5714
52.1638
74.8712
12.6034
47.1777
12.0583
28.6826
3.1294
27.0308
52.0444
-.-
4.4141
41.0900
51.4043
49.5677
73.4000
8.9859
65.9898
25.2309
63.3628
19.4792
29.6824
18.3834
33.2955
5.6804
29.0770
3.9220
28.9200
7.3509
14.9199
34.1644
23.8669
25.5953
51.8182
22.9785
-.-
50.8976
75.3039
47.1257
1.9453
11.5029
-.-
83.2268
48.9808
28.5522
22.5888
37.4180
42.2199
6.5644
11.7305
87.7308
43.5983
76.4346
3.4633
29.4494
5.6616
4.8613
60.9412
37.8410
24.6667
14.9545
57.0983
19.6192
0.3750
21.0000
25.2428
76.5227
15.6263
44.4626
63.7252
-.-
15.6500
34.1471
84.6596
49.8990
83.3684
7.8898
12.6947
-.-
33.5566
42.0160
52.9810
20.7408
24.1959
10.5055
-.-
10.4679
8.0000
78.8365
50.6451
53.9245
53.3653
11.2236
27.4170
85.6020
4.6457
33.0159
55.9885
-.-
26.9866
30.1511
3.3272
21.3948
21.2455
23.2660
81.1059
74.0446
28.7143
56.6083
20.5208
37.8313
10.9384
-.-
53.9573
16.3931
:D
4.0584
17.8818
41.2617
0.8059
30.6325
26.0165
76.0000
:D
10.5237
20.8696
53.1603
37.6221
3.4259
38.3159
30.8951
2.8897
73.8485
13.0909
13.5000
21.3563
11.1390
69.0370
64.2286
63.9056
47.6809
23.2100
69.7353
31.7213
31.3942
43.0602
11.7636
4.8519
16.5345
1.4512
1.2661
34.0654
13.5563
80.5039
0.2485
54.9366
16.2327
36.5212
15.5598
23.7003
68.3043
56.9693
33.2881
63.6000
57.0410
23.8140
-.-
-.-
23.3607
33.7857
-.-
23.0611
17.2009
61.6364
79.5364
24.9643
7.2712
16.5367
40.6364
70.8220
61.0367
55.7326
1.3875
0.0860
3.8642
-.-
52.9113
30.2327
53.1184
38.2914
-.-
65.5918
-.-
58.6190
29.8636
20.6375
-.-
56.8593
43.1528
34.1792
89.7619
56.2494
54.7099
22.5195
49.5000
38.2500
2.4174
13.1110
83.0714
-.-
29.4805
14.4811
34.2623
3.7919
13.8872
1.0000
20.8366
4.4218
64.5062
43.5273
2.3043
60.4889
53.9497
19.7065
66.8357
2.8889
-.-
6.1265
93.8966
45.1156
-.-
29.9623
37.8406
42.6207
46.8225
22.0245
72.1567
-.-
-.-
23.5593
10.0323
48.1429
16.9088
34.8000
31.1754
76.4000
55.5947
27.4423
26.7351
34.8582
35.1514
15.8556
37.9333
28.9729
10.3034
45.7143
21.4903
61.1733
6.2805
77.9818
-.-
-.-
-.-
19.7633
74.1538
52.5814
22.2725
11.5279
16.8713
43.6555
33.2376
7.5327
19.2541
11.9604
45.7940
-.-
27.1827
12.2673
9.4096
59.2601
44.0825
